This is pdfTeX, Version 3.141592653-2.6-1.40.22 (TeX Live 2022/dev/Debian) (preloaded format=pdflatex 2022.9.16)  26 SEP 2022 08:53
entering extended mode
 restricted \write18 enabled.
 %&-line parsing enabled.
**AG1.tex
(./AG1.tex
LaTeX2e <2021-11-15> patch level 1
L3 programming layer <2022-01-21>
(/usr/share/texlive/texmf-dist/tex/latex/base/article.cls
Document Class: article 2021/10/04 v1.4n Standard LaTeX document class
(/usr/share/texlive/texmf-dist/tex/latex/base/size10.clo
File: size10.clo 2021/10/04 v1.4n Standard LaTeX file (size option)
)
\c@part=\count185
\c@section=\count186
\c@subsection=\count187
\c@subsubsection=\count188
\c@paragraph=\count189
\c@subparagraph=\count190
\c@figure=\count191
\c@table=\count192
\abovecaptionskip=\skip47
\belowcaptionskip=\skip48
\bibindent=\dimen138
)
(/usr/share/texlive/texmf-dist/tex/latex/base/inputenc.sty
Package: inputenc 2021/02/14 v1.3d Input encoding file
\inpenc@prehook=\toks16
\inpenc@posthook=\toks17
)
(/usr/share/texlive/texmf-dist/tex/latex/l3backend/l3backend-pdftex.def
File: l3backend-pdftex.def 2022-01-12 L3 backend support: PDF output (pdfTeX)
\l__color_backend_stack_int=\count193
\l__pdf_internal_box=\box50
)
(./AG1.aux)
\openout1 = `AG1.aux'.

LaTeX Font Info:    Checking defaults for OML/cmm/m/it on input line 8.
LaTeX Font Info:    ... okay on input line 8.
LaTeX Font Info:    Checking defaults for OMS/cmsy/m/n on input line 8.
LaTeX Font Info:    ... okay on input line 8.
LaTeX Font Info:    Checking defaults for OT1/cmr/m/n on input line 8.
LaTeX Font Info:    ... okay on input line 8.
LaTeX Font Info:    Checking defaults for T1/cmr/m/n on input line 8.
LaTeX Font Info:    ... okay on input line 8.
LaTeX Font Info:    Checking defaults for TS1/cmr/m/n on input line 8.
LaTeX Font Info:    ... okay on input line 8.
LaTeX Font Info:    Checking defaults for OMX/cmex/m/n on input line 8.
LaTeX Font Info:    ... okay on input line 8.
LaTeX Font Info:    Checking defaults for U/cmr/m/n on input line 8.
LaTeX Font Info:    ... okay on input line 8.
LaTeX Font Info:    External font `cmex10' loaded for size
(Font)              <12> on input line 10.
LaTeX Font Info:    External font `cmex10' loaded for size
(Font)              <8> on input line 10.
LaTeX Font Info:    External font `cmex10' loaded for size
(Font)              <6> on input line 10.
LaTeX Font Info:    External font `cmex10' loaded for size
(Font)              <7> on input line 21.
LaTeX Font Info:    External font `cmex10' loaded for size
(Font)              <5> on input line 21.

Overfull \hbox (25.9962pt too wide) in paragraph at lines 41--45
[]\OT1/cmr/m/n/10 ^^Supln^^Sy graf $\OML/cmm/m/it/10 K[]n$ \OT1/cmr/m/n/10 nech
[]t $\OML/cmm/m/it/10 n \OMS/cmsy/m/n/10 ^^U \OT1/cmr/m/n/10 1$ []Upln^^Sy graf
 na n vr-c-holech $\OML/cmm/m/it/10 K[]njegrav\OT1/cmr/m/n/10 (\OML/cmm/m/it/10
 V; \OT1/cmr/m/n/10 (\OML/cmm/m/it/10 v\OT1/cmr/m/n/10 2))\OML/cmm/m/it/10 kde\
OMS/cmsy/m/n/10 j\OML/cmm/m/it/10 V\OMS/cmsy/m/n/10 j \OT1/cmr/m/n/10 =
 []


! LaTeX Error: Unicode character − (U+2212)
               not set up for use with LaTeX.

See the LaTeX manual or LaTeX Companion for explanation.
Type  H <return>  for immediate help.
 ...                                              
                                                  
l.52 ... , m}, {{i, i + 1} | i \in {0, ... , m −
                                                   1}})$
? 

Overfull \hbox (71.99854pt too wide) in paragraph at lines 49--53
[]\OT1/cmr/m/n/10 cesta $\OML/cmm/m/it/10 P[]m$ \OT1/cmr/m/n/10 nech[]t $\OML/c
mm/m/it/10 m \OMS/cmsy/m/n/10 ^^U \OT1/cmr/m/n/10 0$ cesta d^^Selky m (s m hran
ami) $\OML/cmm/m/it/10 P[]m$ \OT1/cmr/m/n/10 je graf $([]\OML/cmm/m/it/10 ; []\
OT1/cmr/m/n/10 )$ 
 []

! Missing $ inserted.
<inserted text> 
                $
l.56 nechť n \geq
                   3
? 

LaTeX Warning: Command \v invalid in math mode on input line 57.

! Please use \mathaccent for accents in math mode.
\add@accent ... \let \ignorespaces \relax \accent 
                                                  #1 #2\egroup \ifmmode \els...
l.57 kruž
          nice délky n (s n vrcholy) C\_n je graf kterej je proste do kruhu
? 

LaTeX Warning: Command \' invalid in math mode on input line 57.

! Please use \mathaccent for accents in math mode.
\add@accent ... \let \ignorespaces \relax \accent 
                                                  #1 #2\egroup \ifmmode \els...
l.57 kružnice dé
                  lky n (s n vrcholy) C\_n je graf kterej je proste do kruhu
? 
! Missing $ inserted.
<inserted text> 
                $
l.58 
     
? 

Overfull \hbox (29.48453pt too wide) in paragraph at lines 55--58
[]\OT1/cmr/m/n/10 kru^^Tznice nech[]t n $\OMS/cmsy/m/n/10 ^^U \OT1/cmr/m/n/10 3
\OML/cmm/m/it/10 kru[]niced[]lkyn\OT1/cmr/m/n/10 (\OML/cmm/m/it/10 snvrcholy\OT
1/cmr/m/n/10 )\OML/cmm/m/it/10 C[]njegrafkterejjeprostedokruhu$ 
 []

! Undefined control sequence.
l.61 $$\sum_{v \in V}deg\_{G}(v) = 2\abs
                                        {E} $$
? 
[1

{/var/lib/texmf/fonts/map/pdftex/updmap/pdftex.map}] (./AG1.aux) ) 
Here is how much of TeX's memory you used:
 473 strings out of 480247
 8620 string characters out of 5896151
 300773 words of memory out of 5000000
 18484 multiletter control sequences out of 15000+600000
 473234 words of font info for 41 fonts, out of 8000000 for 9000
 14 hyphenation exceptions out of 8191
 34i,6n,38p,155b,191s stack positions out of 5000i,500n,10000p,200000b,80000s
 </home/david
/.texlive2021/texmf-var/fonts/pk/ljfour/jknappen/ec/tcrm1000.600pk></usr/share/
texlive/texmf-dist/fonts/type1/public/amsfonts/cm/cmbx12.pfb></usr/share/texliv
e/texmf-dist/fonts/type1/public/amsfonts/cm/cmex10.pfb></usr/share/texlive/texm
f-dist/fonts/type1/public/amsfonts/cm/cmmi10.pfb></usr/share/texlive/texmf-dist
/fonts/type1/public/amsfonts/cm/cmmi7.pfb></usr/share/texlive/texmf-dist/fonts/
type1/public/amsfonts/cm/cmr10.pfb></usr/share/texlive/texmf-dist/fonts/type1/p
ublic/amsfonts/cm/cmr12.pfb></usr/share/texlive/texmf-dist/fonts/type1/public/a
msfonts/cm/cmr17.pfb></usr/share/texlive/texmf-dist/fonts/type1/public/amsfonts
/cm/cmsy10.pfb></usr/share/texlive/texmf-dist/fonts/type1/public/amsfonts/cm/cm
sy7.pfb>
Output written on AG1.pdf (1 page, 99441 bytes).
PDF statistics:
 58 PDF objects out of 1000 (max. 8388607)
 35 compressed objects within 1 object stream
 0 named destinations out of 1000 (max. 500000)
 1 words of extra memory for PDF output out of 10000 (max. 10000000)

